Importing plotly failed. Interactive plots will not work.
telegram_msg.py:107: TelegramDeprecationWarning: The argument `clean` of `start_polling` is deprecated. Please use `drop_pending_updates` instead.
  updater.start_polling(timeout=1, clean=True)
INFO:numexpr.utils:NumExpr defaulting to 2 threads.
INFO:fbprophet:Disabling yearly seasonality. Run prophet with yearly_seasonality=True to override this.
INFO:fbprophet:Disabling daily seasonality. Run prophet with daily_seasonality=True to override this.
Initial log joint probability = -3.89938
    Iter      log prob        ||dx||      ||grad||       alpha      alpha0  # evals  Notes 
      99       309.642   0.000522842       105.161     0.00171           1      139   
    Iter      log prob        ||dx||      ||grad||       alpha      alpha0  # evals  Notes 
     157       310.591    0.00152975       178.966   1.302e-05       0.001      256  LS failed, Hessian reset 
     199       310.804   3.66005e-06       68.8135      0.6576      0.6576      305   
    Iter      log prob        ||dx||      ||grad||       alpha      alpha0  # evals  Notes 
     263       310.935    0.00013419       78.8248   2.219e-06       0.001      428  LS failed, Hessian reset 
     296       310.952   1.91116e-05       63.4756   2.864e-07       0.001      520  LS failed, Hessian reset 
     299       310.952   7.42492e-06       59.9715       2.522      0.6409      525   
    Iter      log prob        ||dx||      ||grad||       alpha      alpha0  # evals  Notes 
     399       311.086   7.26709e-06       72.3819           1           1      655   
    Iter      log prob        ||dx||      ||grad||       alpha      alpha0  # evals  Notes 
     468       311.491   0.000640316       95.7472   5.997e-06       0.001      795  LS failed, Hessian reset 
     499       311.636   8.12552e-05        48.842           1           1      834   
    Iter      log prob        ||dx||      ||grad||       alpha      alpha0  # evals  Notes 
     599       311.714   2.29328e-05       66.3097           1           1      977   
    Iter      log prob        ||dx||      ||grad||       alpha      alpha0  # evals  Notes 
     615       311.747   0.000150971       57.2464   2.703e-06       0.001     1047  LS failed, Hessian reset 
     685       311.771   7.61008e-10       70.3279     0.03595     0.03595     1153   
Optimization terminated normally: 
  Convergence detected: absolute parameter change was below tolerance
INFO:fbprophet:Disabling yearly seasonality. Run prophet with yearly_seasonality=True to override this.
INFO:fbprophet:Disabling daily seasonality. Run prophet with daily_seasonality=True to override this.
Initial log joint probability = -4.72237
    Iter      log prob        ||dx||      ||grad||       alpha      alpha0  # evals  Notes 
      99       1322.24    0.00091388       211.644      0.8015      0.8015      123   
    Iter      log prob        ||dx||      ||grad||       alpha      alpha0  # evals  Notes 
     199       1350.49     0.0193496       320.576           1           1      244   
    Iter      log prob        ||dx||      ||grad||       alpha      alpha0  # evals  Notes 
     243       1359.64   0.000579839        357.52   2.138e-06       0.001      332  LS failed, Hessian reset 
     299       1368.72    0.00221581        207.04           1           1      408   
    Iter      log prob        ||dx||      ||grad||       alpha      alpha0  # evals  Notes 
     399       1379.16    0.00106654       138.781           1           1      530   
    Iter      log prob        ||dx||      ||grad||       alpha      alpha0  # evals  Notes 
     469       1382.03   0.000100698       111.311    5.44e-07       0.001      649  LS failed, Hessian reset 
     499        1382.9    0.00363229       271.328           1           1      687   
    Iter      log prob        ||dx||      ||grad||       alpha      alpha0  # evals  Notes 
     560       1388.81    0.00036138       217.233   1.815e-06       0.001      811  LS failed, Hessian reset 
     599       1394.66    0.00197813       182.416           1           1      860   
    Iter      log prob        ||dx||      ||grad||       alpha      alpha0  # evals  Notes 
     610       1395.05   7.68577e-05       80.5094   4.114e-07       0.001      913  LS failed, Hessian reset 
     699       1397.48   0.000543823       137.545      0.6383           1     1031   
    Iter      log prob        ||dx||      ||grad||       alpha      alpha0  # evals  Notes 
     799       1398.88   0.000944057       168.083           1           1     1163   
    Iter      log prob        ||dx||      ||grad||       alpha      alpha0  # evals  Notes 
     899       1399.97   5.91024e-05       79.3058           1           1     1291   
    Iter      log prob        ||dx||      ||grad||       alpha      alpha0  # evals  Notes 
     999       1403.17   0.000327852       131.385      0.4795      0.4795     1413   
    Iter      log prob        ||dx||      ||grad||       alpha      alpha0  # evals  Notes 
    1099       1404.25   7.06525e-05       91.3669      0.3227           1     1541   
    Iter      log prob        ||dx||      ||grad||       alpha      alpha0  # evals  Notes 
    1193        1404.4   1.75652e-05       73.8033   2.249e-07       0.001     1691  LS failed, Hessian reset 
    1199        1404.4   4.47581e-06       70.5198      0.3233           1     1699   
    Iter      log prob        ||dx||      ||grad||       alpha      alpha0  # evals  Notes 
    1219        1404.4   6.02513e-08       72.3243      0.2775           1     1727   
Optimization terminated normally: 
  Convergence detected: relative gradient magnitude is below tolerance
